2016-01-28 21:43:22 Error: [NotFoundException] Not Found
Request URL: /clinic/gallery
Stack Trace:
#0 C:\xampp\htdocs\clinic\app\Controller\HomeFrontController.php(33): AppFrontController->getClinicName()
#1 [internal function]: HomeFrontController->gallery()
#2 C:\xampp\htdocs\clinic\lib\Cake\Controller\Controller.php(490): ReflectionMethod->invokeArgs(Object(HomeFrontController), Array)
#3 C:\xampp\htdocs\clinic\lib\Cake\Routing\Dispatcher.php(191): Controller->invokeAction(Object(CakeRequest))
#4 C:\xampp\htdocs\clinic\lib\Cake\Routing\Dispatcher.php(165): Dispatcher->_invoke(Object(HomeFrontController), Object(CakeRequest))
#5 C:\xampp\htdocs\clinic\app\webroot\index.php(113): Dispatcher->dispatch(Object(CakeRequest), Object(CakeResponse))
#6 {main}
2016-01-28 21:46:25 Error: [NotFoundException] Not Found
Request URL: /clinic/news
Stack Trace:
#0 C:\xampp\htdocs\clinic\app\Controller\HomeFrontController.php(21): AppFrontController->getClinicName()
#1 [internal function]: HomeFrontController->news()
#2 C:\xampp\htdocs\clinic\lib\Cake\Controller\Controller.php(490): ReflectionMethod->invokeArgs(Object(HomeFrontController), Array)
#3 C:\xampp\htdocs\clinic\lib\Cake\Routing\Dispatcher.php(191): Controller->invokeAction(Object(CakeRequest))
#4 C:\xampp\htdocs\clinic\lib\Cake\Routing\Dispatcher.php(165): Dispatcher->_invoke(Object(HomeFrontController), Object(CakeRequest))
#5 C:\xampp\htdocs\clinic\app\webroot\index.php(113): Dispatcher->dispatch(Object(CakeRequest), Object(CakeResponse))
#6 {main}
2016-01-29 06:43:48 Error: [MissingActionException] Action HomeFrontController::darooteb.() could not be found.
Exception Attributes: array (
  'controller' => 'HomeFrontController',
  'action' => 'darooteb.',
)
Request URL: /clinic/darooteb.
Stack Trace:
#0 C:\xampp\htdocs\clinic\lib\Cake\Routing\Dispatcher.php(191): Controller->invokeAction(Object(CakeRequest))
#1 C:\xampp\htdocs\clinic\lib\Cake\Routing\Dispatcher.php(165): Dispatcher->_invoke(Object(HomeFrontController), Object(CakeRequest))
#2 C:\xampp\htdocs\clinic\app\webroot\index.php(113): Dispatcher->dispatch(Object(CakeRequest), Object(CakeResponse))
#3 {main}
2016-01-29 06:45:15 Error: [MissingActionException] Action HomeFrontController::darooteb.() could not be found.
Exception Attributes: array (
  'controller' => 'HomeFrontController',
  'action' => 'darooteb.',
)
Request URL: /clinic/darooteb.
Stack Trace:
#0 C:\xampp\htdocs\clinic\lib\Cake\Routing\Dispatcher.php(191): Controller->invokeAction(Object(CakeRequest))
#1 C:\xampp\htdocs\clinic\lib\Cake\Routing\Dispatcher.php(165): Dispatcher->_invoke(Object(HomeFrontController), Object(CakeRequest))
#2 C:\xampp\htdocs\clinic\app\webroot\index.php(113): Dispatcher->dispatch(Object(CakeRequest), Object(CakeResponse))
#3 {main}
2016-01-29 06:45:19 Error: [MissingControllerException] Controller class Darooteb.Controller could not be found.
Exception Attributes: array (
  'class' => 'Darooteb.Controller',
  'plugin' => NULL,
)
Request URL: /clinic/darooteb./clinic/
Stack Trace:
#0 C:\xampp\htdocs\clinic\app\webroot\index.php(113): Dispatcher->dispatch(Object(CakeRequest), Object(CakeResponse))
#1 {main}
2016-01-29 06:46:27 Error: [MissingControllerException] Controller class Darooteb.Controller could not be found.
Exception Attributes: array (
  'class' => 'Darooteb.Controller',
  'plugin' => NULL,
)
Request URL: /clinic/darooteb./clinic/
Stack Trace:
#0 C:\xampp\htdocs\clinic\app\webroot\index.php(113): Dispatcher->dispatch(Object(CakeRequest), Object(CakeResponse))
#1 {main}
2016-01-29 06:46:54 Error: [MissingControllerException] Controller class Darooteb.Controller could not be found.
Exception Attributes: array (
  'class' => 'Darooteb.Controller',
  'plugin' => NULL,
)
Request URL: /clinic/darooteb./clinic/
Stack Trace:
#0 C:\xampp\htdocs\clinic\app\webroot\index.php(113): Dispatcher->dispatch(Object(CakeRequest), Object(CakeResponse))
#1 {main}
2016-01-29 06:48:17 Error: Fatal Error (1): Call to undefined function strreplace() in [C:\xampp\htdocs\clinic\app\View\Front\index.ctp, line 4]
2016-01-29 06:48:17 Error: [FatalErrorException] Call to undefined function strreplace()
Request URL: /clinic/
Stack Trace:
#0 C:\xampp\htdocs\clinic\lib\Cake\Error\ErrorHandler.php(203): ErrorHandler::handleFatalError(1, 'Call to undefin...', 'C:\\xampp\\htdocs...', 4)
#1 [internal function]: ErrorHandler::handleError(1, 'Call to undefin...', 'C:\\xampp\\htdocs...', 4, Array)
#2 C:\xampp\htdocs\clinic\lib\Cake\Core\App.php(931): call_user_func('ErrorHandler::h...', 1, 'Call to undefin...', 'C:\\xampp\\htdocs...', 4, Array)
#3 C:\xampp\htdocs\clinic\lib\Cake\Core\App.php(904): App::_checkFatalError()
#4 [internal function]: App::shutdown()
#5 {main}
2016-01-29 06:48:40 Error: Fatal Error (1): Call to undefined function strreplace() in [C:\xampp\htdocs\clinic\app\View\Front\index.ctp, line 4]
2016-01-29 06:48:40 Error: [FatalErrorException] Call to undefined function strreplace()
Request URL: /clinic/
Stack Trace:
#0 C:\xampp\htdocs\clinic\lib\Cake\Error\ErrorHandler.php(203): ErrorHandler::handleFatalError(1, 'Call to undefin...', 'C:\\xampp\\htdocs...', 4)
#1 [internal function]: ErrorHandler::handleError(1, 'Call to undefin...', 'C:\\xampp\\htdocs...', 4, Array)
#2 C:\xampp\htdocs\clinic\lib\Cake\Core\App.php(931): call_user_func('ErrorHandler::h...', 1, 'Call to undefin...', 'C:\\xampp\\htdocs...', 4, Array)
#3 C:\xampp\htdocs\clinic\lib\Cake\Core\App.php(904): App::_checkFatalError()
#4 [internal function]: App::shutdown()
#5 {main}
2016-01-29 06:48:41 Error: Fatal Error (1): Call to undefined function strreplace() in [C:\xampp\htdocs\clinic\app\View\Front\index.ctp, line 4]
2016-01-29 06:48:41 Error: [FatalErrorException] Call to undefined function strreplace()
Request URL: /clinic/
Stack Trace:
#0 C:\xampp\htdocs\clinic\lib\Cake\Error\ErrorHandler.php(203): ErrorHandler::handleFatalError(1, 'Call to undefin...', 'C:\\xampp\\htdocs...', 4)
#1 [internal function]: ErrorHandler::handleError(1, 'Call to undefin...', 'C:\\xampp\\htdocs...', 4, Array)
#2 C:\xampp\htdocs\clinic\lib\Cake\Core\App.php(931): call_user_func('ErrorHandler::h...', 1, 'Call to undefin...', 'C:\\xampp\\htdocs...', 4, Array)
#3 C:\xampp\htdocs\clinic\lib\Cake\Core\App.php(904): App::_checkFatalError()
#4 [internal function]: App::shutdown()
#5 {main}
2016-01-29 06:48:42 Error: Fatal Error (1): Call to undefined function strreplace() in [C:\xampp\htdocs\clinic\app\View\Front\index.ctp, line 4]
2016-01-29 06:48:42 Error: [FatalErrorException] Call to undefined function strreplace()
Request URL: /clinic/
Stack Trace:
#0 C:\xampp\htdocs\clinic\lib\Cake\Error\ErrorHandler.php(203): ErrorHandler::handleFatalError(1, 'Call to undefin...', 'C:\\xampp\\htdocs...', 4)
#1 [internal function]: ErrorHandler::handleError(1, 'Call to undefin...', 'C:\\xampp\\htdocs...', 4, Array)
#2 C:\xampp\htdocs\clinic\lib\Cake\Core\App.php(931): call_user_func('ErrorHandler::h...', 1, 'Call to undefin...', 'C:\\xampp\\htdocs...', 4, Array)
#3 C:\xampp\htdocs\clinic\lib\Cake\Core\App.php(904): App::_checkFatalError()
#4 [internal function]: App::shutdown()
#5 {main}
2016-01-29 06:53:45 Error: [NotFoundException] Not Found
Request URL: /clinic/biography
Stack Trace:
#0 C:\xampp\htdocs\clinic\app\Controller\HomeFrontController.php(28): AppFrontController->getClinicName()
#1 [internal function]: HomeFrontController->biography()
#2 C:\xampp\htdocs\clinic\lib\Cake\Controller\Controller.php(490): ReflectionMethod->invokeArgs(Object(HomeFrontController), Array)
#3 C:\xampp\htdocs\clinic\lib\Cake\Routing\Dispatcher.php(191): Controller->invokeAction(Object(CakeRequest))
#4 C:\xampp\htdocs\clinic\lib\Cake\Routing\Dispatcher.php(165): Dispatcher->_invoke(Object(HomeFrontController), Object(CakeRequest))
#5 C:\xampp\htdocs\clinic\app\webroot\index.php(113): Dispatcher->dispatch(Object(CakeRequest), Object(CakeResponse))
#6 {main}
2016-01-29 07:11:55 Error: [Exception] {"description":["\u062f\u0631\u0628\u0627\u0631\u0647 \u0645\u0627 \u0636\u0631\u0648\u0631\u06cc \u0627\u0633\u062a."]}
Request URL: /clinic/about_us/save
Stack Trace:
#0 C:\xampp\htdocs\clinic\app\Controller\AboutUsController.php(55): AppController::applicationException(Array)
#1 [internal function]: AboutUsController->save()
#2 C:\xampp\htdocs\clinic\lib\Cake\Controller\Controller.php(490): ReflectionMethod->invokeArgs(Object(AboutUsController), Array)
#3 C:\xampp\htdocs\clinic\lib\Cake\Routing\Dispatcher.php(191): Controller->invokeAction(Object(CakeRequest))
#4 C:\xampp\htdocs\clinic\lib\Cake\Routing\Dispatcher.php(165): Dispatcher->_invoke(Object(AboutUsController), Object(CakeRequest))
#5 C:\xampp\htdocs\clinic\app\webroot\index.php(113): Dispatcher->dispatch(Object(CakeRequest), Object(CakeResponse))
#6 {main}
2016-01-29 07:12:59 Error: [Exception] {"email":["\u067e\u0633\u062a \u0627\u0644\u06a9\u062a\u0631\u0648\u0646\u06cc\u06a9 \u0645\u0639\u062a\u0628\u0631 \u0646\u0645\u06cc \u0628\u0627\u0634\u062f"],"postal_code":["\u06a9\u062f \u067e\u0633\u062a\u06cc \u0645\u0639\u062a\u0628\u0631 \u0646\u0645\u06cc \u0628\u0627\u0634\u062f"]}
Request URL: /clinic/contact_us/save
Stack Trace:
#0 C:\xampp\htdocs\clinic\app\Controller\ContactUsController.php(74): AppController::applicationException(Array)
#1 [internal function]: ContactUsController->save()
#2 C:\xampp\htdocs\clinic\lib\Cake\Controller\Controller.php(490): ReflectionMethod->invokeArgs(Object(ContactUsController), Array)
#3 C:\xampp\htdocs\clinic\lib\Cake\Routing\Dispatcher.php(191): Controller->invokeAction(Object(CakeRequest))
#4 C:\xampp\htdocs\clinic\lib\Cake\Routing\Dispatcher.php(165): Dispatcher->_invoke(Object(ContactUsController), Object(CakeRequest))
#5 C:\xampp\htdocs\clinic\app\webroot\index.php(113): Dispatcher->dispatch(Object(CakeRequest), Object(CakeResponse))
#6 {main}
2016-01-29 07:13:13 Error: [Exception] {"postal_code":["\u06a9\u062f \u067e\u0633\u062a\u06cc \u0645\u0639\u062a\u0628\u0631 \u0646\u0645\u06cc \u0628\u0627\u0634\u062f"]}
Request URL: /clinic/contact_us/save
Stack Trace:
#0 C:\xampp\htdocs\clinic\app\Controller\ContactUsController.php(74): AppController::applicationException(Array)
#1 [internal function]: ContactUsController->save()
#2 C:\xampp\htdocs\clinic\lib\Cake\Controller\Controller.php(490): ReflectionMethod->invokeArgs(Object(ContactUsController), Array)
#3 C:\xampp\htdocs\clinic\lib\Cake\Routing\Dispatcher.php(191): Controller->invokeAction(Object(CakeRequest))
#4 C:\xampp\htdocs\clinic\lib\Cake\Routing\Dispatcher.php(165): Dispatcher->_invoke(Object(ContactUsController), Object(CakeRequest))
#5 C:\xampp\htdocs\clinic\app\webroot\index.php(113): Dispatcher->dispatch(Object(CakeRequest), Object(CakeResponse))
#6 {main}
2016-01-29 07:17:28 Error: [NotFoundException] Not Found
Request URL: /clinic/about
Stack Trace:
#0 C:\xampp\htdocs\clinic\app\Controller\HomeFrontController.php(41): AppFrontController->getClinicName()
#1 [internal function]: HomeFrontController->about()
#2 C:\xampp\htdocs\clinic\lib\Cake\Controller\Controller.php(490): ReflectionMethod->invokeArgs(Object(HomeFrontController), Array)
#3 C:\xampp\htdocs\clinic\lib\Cake\Routing\Dispatcher.php(191): Controller->invokeAction(Object(CakeRequest))
#4 C:\xampp\htdocs\clinic\lib\Cake\Routing\Dispatcher.php(165): Dispatcher->_invoke(Object(HomeFrontController), Object(CakeRequest))
#5 C:\xampp\htdocs\clinic\app\webroot\index.php(113): Dispatcher->dispatch(Object(CakeRequest), Object(CakeResponse))
#6 {main}
2016-01-29 07:38:52 Error: [NotFoundException] Not Found
Request URL: /clinic/about
Stack Trace:
#0 C:\xampp\htdocs\clinic\app\Controller\HomeFrontController.php(41): AppFrontController->getClinicName()
#1 [internal function]: HomeFrontController->about()
#2 C:\xampp\htdocs\clinic\lib\Cake\Controller\Controller.php(490): ReflectionMethod->invokeArgs(Object(HomeFrontController), Array)
#3 C:\xampp\htdocs\clinic\lib\Cake\Routing\Dispatcher.php(191): Controller->invokeAction(Object(CakeRequest))
#4 C:\xampp\htdocs\clinic\lib\Cake\Routing\Dispatcher.php(165): Dispatcher->_invoke(Object(HomeFrontController), Object(CakeRequest))
#5 C:\xampp\htdocs\clinic\app\webroot\index.php(113): Dispatcher->dispatch(Object(CakeRequest), Object(CakeResponse))
#6 {main}
2021-10-02 15:23:22 Error: [MissingConnectionException] Database connection "Mysql" is missing, or could not be created.
Exception Attributes: array (
  'class' => 'Mysql',
  'message' => 'SQLSTATE[HY000] [2002] No connection could be made because the target machine actively refused it.
',
  'enabled' => true,
)
Request URL: /clinic/
Stack Trace:
#0 D:\xampp\htdocs\clinic\lib\Cake\Model\Datasource\DboSource.php(260): Mysql->connect()
#1 D:\xampp\htdocs\clinic\lib\Cake\Model\ConnectionManager.php(105): DboSource->__construct(Array)
#2 D:\xampp\htdocs\clinic\lib\Cake\Model\Model.php(3524): ConnectionManager::getDataSource('default')
#3 D:\xampp\htdocs\clinic\lib\Cake\Model\Model.php(1136): Model->setDataSource('default')
#4 D:\xampp\htdocs\clinic\lib\Cake\Model\Model.php(3551): Model->setSource('clinics')
#5 D:\xampp\htdocs\clinic\lib\Cake\Model\Model.php(2947): Model->getDataSource()
#6 D:\xampp\htdocs\clinic\lib\Cake\Model\Model.php(2919): Model->_readDataSource('all', Array)
#7 D:\xampp\htdocs\clinic\app\Controller\AppFrontController.php(92): Model->find('all', Array)
#8 D:\xampp\htdocs\clinic\app\Controller\HomeFrontController.php(7): AppFrontController->setIndexParams()
#9 D:\xampp\htdocs\clinic\app\Controller\HomeFrontController.php(13): HomeFrontController->index()
#10 [internal function]: HomeFrontController->home()
#11 D:\xampp\htdocs\clinic\lib\Cake\Controller\Controller.php(490): ReflectionMethod->invokeArgs(Object(HomeFrontController), Array)
#12 D:\xampp\htdocs\clinic\lib\Cake\Routing\Dispatcher.php(191): Controller->invokeAction(Object(CakeRequest))
#13 D:\xampp\htdocs\clinic\lib\Cake\Routing\Dispatcher.php(165): Dispatcher->_invoke(Object(HomeFrontController), Object(CakeRequest))
#14 D:\xampp\htdocs\clinic\app\webroot\index.php(113): Dispatcher->dispatch(Object(CakeRequest), Object(CakeResponse))
#15 {main}
2021-10-02 15:49:40 Error: [MissingActionException] Action HomeFrontController::darooteb() could not be found.
Exception Attributes: array (
  'controller' => 'HomeFrontController',
  'action' => 'darooteb',
)
Request URL: /clinic/darooteb
Stack Trace:
#0 D:\xampp\htdocs\clinic\lib\Cake\Routing\Dispatcher.php(191): Controller->invokeAction(Object(CakeRequest))
#1 D:\xampp\htdocs\clinic\lib\Cake\Routing\Dispatcher.php(165): Dispatcher->_invoke(Object(HomeFrontController), Object(CakeRequest))
#2 D:\xampp\htdocs\clinic\app\webroot\index.php(113): Dispatcher->dispatch(Object(CakeRequest), Object(CakeResponse))
#3 {main}
2021-10-02 15:53:57 Error: [MissingActionException] Action HomeFrontController::clinic() could not be found.
Exception Attributes: array (
  'controller' => 'HomeFrontController',
  'action' => 'clinic',
)
Request URL: /clinic/clinic
Stack Trace:
#0 D:\xampp\htdocs\clinic\lib\Cake\Routing\Dispatcher.php(191): Controller->invokeAction(Object(CakeRequest))
#1 D:\xampp\htdocs\clinic\lib\Cake\Routing\Dispatcher.php(165): Dispatcher->_invoke(Object(HomeFrontController), Object(CakeRequest))
#2 D:\xampp\htdocs\clinic\app\webroot\index.php(113): Dispatcher->dispatch(Object(CakeRequest), Object(CakeResponse))
#3 {main}
2021-10-02 15:54:04 Error: [MissingControllerException] Controller class ClinicController could not be found.
Exception Attributes: array (
  'class' => 'ClinicController',
  'plugin' => NULL,
)
Request URL: /clinic/clinic/darooteb
Stack Trace:
#0 D:\xampp\htdocs\clinic\app\webroot\index.php(113): Dispatcher->dispatch(Object(CakeRequest), Object(CakeResponse))
#1 {main}
2021-10-02 15:54:10 Error: [MissingActionException] Action HomeFrontController::darooteb() could not be found.
Exception Attributes: array (
  'controller' => 'HomeFrontController',
  'action' => 'darooteb',
)
Request URL: /clinic/darooteb
Stack Trace:
#0 D:\xampp\htdocs\clinic\lib\Cake\Routing\Dispatcher.php(191): Controller->invokeAction(Object(CakeRequest))
#1 D:\xampp\htdocs\clinic\lib\Cake\Routing\Dispatcher.php(165): Dispatcher->_invoke(Object(HomeFrontController), Object(CakeRequest))
#2 D:\xampp\htdocs\clinic\app\webroot\index.php(113): Dispatcher->dispatch(Object(CakeRequest), Object(CakeResponse))
#3 {main}
2021-10-02 15:54:33 Error: [MissingActionException] Action ClinicsController::darooteb() could not be found.
Exception Attributes: array (
  'controller' => 'ClinicsController',
  'action' => 'darooteb',
)
Request URL: /clinic/clinics/darooteb
Stack Trace:
#0 D:\xampp\htdocs\clinic\lib\Cake\Routing\Dispatcher.php(191): Controller->invokeAction(Object(CakeRequest))
#1 D:\xampp\htdocs\clinic\lib\Cake\Routing\Dispatcher.php(165): Dispatcher->_invoke(Object(ClinicsController), Object(CakeRequest))
#2 D:\xampp\htdocs\clinic\app\webroot\index.php(113): Dispatcher->dispatch(Object(CakeRequest), Object(CakeResponse))
#3 {main}
2021-10-02 15:55:21 Error: [MissingActionException] Action HomeFrontController::bahar() could not be found.
Exception Attributes: array (
  'controller' => 'HomeFrontController',
  'action' => 'bahar',
)
Request URL: /clinic/bahar
Stack Trace:
#0 D:\xampp\htdocs\clinic\lib\Cake\Routing\Dispatcher.php(191): Controller->invokeAction(Object(CakeRequest))
#1 D:\xampp\htdocs\clinic\lib\Cake\Routing\Dispatcher.php(165): Dispatcher->_invoke(Object(HomeFrontController), Object(CakeRequest))
#2 D:\xampp\htdocs\clinic\app\webroot\index.php(113): Dispatcher->dispatch(Object(CakeRequest), Object(CakeResponse))
#3 {main}
2021-10-02 16:00:28 Error: [MissingActionException] Action HomeFrontController::contactUs() could not be found.
Exception Attributes: array (
  'controller' => 'HomeFrontController',
  'action' => 'contactUs',
)
Request URL: /clinic/contactUs
Stack Trace:
#0 D:\xampp\htdocs\clinic\lib\Cake\Routing\Dispatcher.php(191): Controller->invokeAction(Object(CakeRequest))
#1 D:\xampp\htdocs\clinic\lib\Cake\Routing\Dispatcher.php(165): Dispatcher->_invoke(Object(HomeFrontController), Object(CakeRequest))
#2 D:\xampp\htdocs\clinic\app\webroot\index.php(113): Dispatcher->dispatch(Object(CakeRequest), Object(CakeResponse))
#3 {main}
